c:\users\asus\desktop\c++\calculation4\calculation\calculation\debug\vc140.pdb
c:\users\asus\desktop\c++\calculation4\calculation\calculation\debug\vc140.idb
c:\users\asus\desktop\c++\calculation4\calculation\calculation\debug\assistant_functions.nativecodeanalysis.xml
c:\users\asus\desktop\c++\calculation4\calculation\calculation\debug\expression.nativecodeanalysis.xml
c:\users\asus\desktop\c++\calculation4\calculation\calculation\debug\fraction.nativecodeanalysis.xml
c:\users\asus\desktop\c++\calculation4\calculation\calculation\debug\main.nativecodeanalysis.xml
c:\users\asus\desktop\c++\calculation4\calculation\calculation\debug\main.obj
c:\users\asus\desktop\c++\calculation4\calculation\calculation\debug\fraction.obj
c:\users\asus\desktop\c++\calculation4\calculation\calculation\debug\expression.obj
c:\users\asus\desktop\c++\calculation4\calculation\calculation\debug\assistant_functions.obj
c:\users\asus\desktop\c++\calculation4\calculation\debug\calculation.ilk
c:\users\asus\desktop\c++\calculation4\calculation\debug\calculation.exe
c:\users\asus\desktop\c++\calculation4\calculation\debug\calculation.pdb
c:\users\asus\desktop\c++\calculation4\calculation\calculation\debug\deutsch.res
c:\users\asus\desktop\c++\calculation4\calculation\calculation\debug\english.res
c:\users\asus\desktop\c++\calculation4\calculation\calculation\debug\francais.res
c:\users\asus\desktop\c++\calculation4\calculation\calculation\debug\languagelist.res
c:\users\asus\desktop\c++\calculation4\calculation\calculation\debug\中文.res
c:\users\asus\desktop\c++\calculation4\calculation\calculation\debug\日本語.res
c:\users\asus\desktop\c++\calculation4\calculation\calculation\debug\nativecodeanalysis.read.1.tlog
c:\users\asus\desktop\c++\calculation4\calculation\calculation\debug\vc.nativecodeanalysis.all.xml
c:\users\asus\desktop\c++\calculation4\calculation\debug\calculation.exe.lastcodeanalysissucceeded
c:\users\asus\desktop\c++\calculation4\calculation\calculation\debug\calculation.tlog\cl.command.1.tlog
c:\users\asus\desktop\c++\calculation4\calculation\calculation\debug\calculation.tlog\cl.read.1.tlog
c:\users\asus\desktop\c++\calculation4\calculation\calculation\debug\calculation.tlog\cl.write.1.tlog
c:\users\asus\desktop\c++\calculation4\calculation\calculation\debug\calculation.tlog\link.command.1.tlog
c:\users\asus\desktop\c++\calculation4\calculation\calculation\debug\calculation.tlog\link.read.1.tlog
c:\users\asus\desktop\c++\calculation4\calculation\calculation\debug\calculation.tlog\link.write.1.tlog
c:\users\asus\desktop\c++\calculation4\calculation\calculation\debug\calculation.tlog\rc.command.1.tlog
c:\users\asus\desktop\c++\calculation4\calculation\calculation\debug\calculation.tlog\rc.read.1.tlog
c:\users\asus\desktop\c++\calculation4\calculation\calculation\debug\calculation.tlog\rc.write.1.tlog
